Starting pipeline at Sat Mar 21 01:47:18 AWST 2026
Running ETL to create star schema...
{
  "generated_at": "2026-03-21 01:47:30",
  "output_dir": "/home/dung/gdrive_mount/openclaw/projects/mosquito_trap_dashboard/star_schema_output",
  "counts": {
    "dim_date": 10,
    "dim_area": 3,
    "dim_trap": 4,
    "dim_status": 3,
    "fact_observation": 6,
    "fact_trap_health": 4,
    "fact_alert": 1
  }
}
ETL finished.
Calculating KPIs...
Wrote /home/dung/gdrive_mount/openclaw/projects/mosquito_trap_dashboard/kpi_snapshot.json
KPI calculation finished.
Generating dashboard...
Wrote /home/dung/gdrive_mount/openclaw/projects/mosquito_trap_dashboard/dashboard_v5_1.html
Dashboard generated: dashboard_v5_1.html
Pipeline finished successfully at Sat Mar 21 01:47:39 AWST 2026
